<?xml version="1.0" encoding="UTF-8"?>
<!-- Generated by org.testng.reporters.JUnitXMLReporter -->
<testsuite hostname="Sonal" ignored="0" name="Default test" tests="2" failures="0" timestamp="20 Jul 2018 17:48:04 GMT" time="69.081" errors="0">
  <testcase name="VerifyContactPageTitleTest" time="0.02" classname="com.qa.FreeCRM.TestCases.ContactsPageTest"/>
  <testcase name="ValidateContactPageInformationFormTest" time="3.789" classname="com.qa.FreeCRM.TestCases.ContactsPageTest"/>
</testsuite> <!-- Default test -->
