<?xml version="1.0" encoding="UTF-8"?>
<!-- Generated by org.testng.reporters.JUnitXMLReporter -->
<testsuite hostname="Sonal" ignored="0" name="Default test" tests="5" failures="0" timestamp="21 Jul 2018 14:53:10 GMT" time="194.565" errors="0">
  <testcase name="VerifyContactPageTitleTest" time="0.029" classname="com.qa.FreeCRM.TestCases.ContactsPageTest"/>
  <testcase name="ValidateContactInformationTest" time="3.311" classname="com.qa.FreeCRM.TestCases.ContactsPageTest"/>
  <testcase name="ValidateContactInformationTest" time="4.971" classname="com.qa.FreeCRM.TestCases.ContactsPageTest"/>
  <testcase name="ValidateContactInformationTest" time="3.194" classname="com.qa.FreeCRM.TestCases.ContactsPageTest"/>
  <testcase name="ValidateContactInformationTest" time="3.392" classname="com.qa.FreeCRM.TestCases.ContactsPageTest"/>
</testsuite> <!-- Default test -->
