<?xml version="1.0" encoding="UTF-8"?>
<testng-results skipped="0" failed="0" ignored="0" total="1" passed="1">
  <reporter-output>
  </reporter-output>
  <suite name="Default suite" duration-ms="1895" started-at="2018-07-25T13:34:46Z" finished-at="2018-07-25T13:34:48Z">
    <groups>
    </groups>
    <test name="Default test" duration-ms="1895" started-at="2018-07-25T13:34:46Z" finished-at="2018-07-25T13:34:48Z">
      <class name="RestClientsMethods.GetAPITest">
        <test-method status="PASS" signature="setUp()[pri:0, instance:RestClientsMethods.GetAPITest@a74868d]" name="setUp" is-config="true" duration-ms="8" started-at="2018-07-25T19:04:46Z" finished-at="2018-07-25T19:04:46Z">
          <reporter-output>
          </reporter-output>
        </test-method> <!-- setUp -->
        <test-method status="PASS" signature="getAPITest()[pri:0, instance:RestClientsMethods.GetAPITest@a74868d]" name="getAPITest" duration-ms="1846" started-at="2018-07-25T19:04:46Z" finished-at="2018-07-25T19:04:48Z">
          <reporter-output>
          </reporter-output>
        </test-method> <!-- getAPITest -->
      </class> <!-- RestClientsMethods.GetAPITest -->
    </test> <!-- Default test -->
  </suite> <!-- Default suite -->
</testng-results>
