<?xml version="1.0" encoding="UTF-8"?>
<testng-results skipped="0" failed="1" ignored="0" total="2" passed="1">
  <reporter-output>
  </reporter-output>
  <suite name="Default suite" duration-ms="48701" started-at="2018-07-20T08:37:01Z" finished-at="2018-07-20T08:37:49Z">
    <groups>
    </groups>
    <test name="Default test" duration-ms="48701" started-at="2018-07-20T08:37:01Z" finished-at="2018-07-20T08:37:49Z">
      <class name="com.qa.FreeCRM.Utilities.TestUtil">
        <test-method status="FAIL" signature="SwithToWindow()[pri:0, instance:com.qa.FreeCRM.Utilities.TestUtil@23fe1d71]" name="SwithToWindow" duration-ms="9418" started-at="2018-07-20T14:07:01Z" finished-at="2018-07-20T14:07:10Z">
          <exception class="java.util.NoSuchElementException">
            <full-stacktrace>
              <![CDATA[java.util.NoSuchElementExceptionat java.util.LinkedHashMap$LinkedHashIterator.nextNode(Unknown Source)at java.util.LinkedHashMap$LinkedKeyIterator.next(Unknown Source)at com.qa.FreeCRM.Utilities.TestUtil.SwithToWindow(TestUtil.java:40)at sun.reflect.NativeMethodAccessorImpl.invoke0(Native Method)at sun.reflect.NativeMethodAccessorImpl.invoke(Unknown Source)at sun.reflect.DelegatingMethodAccessorImpl.invoke(Unknown Source)at java.lang.reflect.Method.invoke(Unknown Source)at org.testng.internal.MethodInvocationHelper.invokeMethod(MethodInvocationHelper.java:124)at org.testng.internal.Invoker.invokeMethod(Invoker.java:571)at org.testng.internal.Invoker.invokeTestMethod(Invoker.java:707)at org.testng.internal.Invoker.invokeTestMethods(Invoker.java:979)at org.testng.internal.TestMethodWorker.invokeTestMethods(TestMethodWorker.java:125)at org.testng.internal.TestMethodWorker.run(TestMethodWorker.java:109)at org.testng.TestRunner.privateRun(TestRunner.java:648)at org.testng.TestRunner.run(TestRunner.java:505)at org.testng.SuiteRunner.runTest(SuiteRunner.java:455)at org.testng.SuiteRunner.runSequentially(SuiteRunner.java:450)at org.testng.SuiteRunner.privateRun(SuiteRunner.java:415)at org.testng.SuiteRunner.run(SuiteRunner.java:364)at org.testng.SuiteRunnerWorker.runSuite(SuiteRunnerWorker.java:52)at org.testng.SuiteRunnerWorker.run(SuiteRunnerWorker.java:84)at org.testng.TestNG.runSuitesSequentially(TestNG.java:1187)at org.testng.TestNG.runSuitesLocally(TestNG.java:1116)at org.testng.TestNG.runSuites(TestNG.java:1028)at org.testng.TestNG.run(TestNG.java:996)at org.testng.remote.AbstractRemoteTestNG.run(AbstractRemoteTestNG.java:114)at org.testng.remote.RemoteTestNG.initAndRun(RemoteTestNG.java:251)at org.testng.remote.RemoteTestNG.main(RemoteTestNG.java:77)]]>
            </full-stacktrace>
          </exception> <!-- java.util.NoSuchElementException -->
          <reporter-output>
          </reporter-output>
        </test-method> <!-- SwithToWindow -->
        <test-method status="PASS" signature="VerifyBrokenLinksAndImages()[pri:0, instance:com.qa.FreeCRM.Utilities.TestUtil@23fe1d71]" name="VerifyBrokenLinksAndImages" duration-ms="39231" started-at="2018-07-20T14:07:10Z" finished-at="2018-07-20T14:07:49Z">
          <reporter-output>
          </reporter-output>
        </test-method> <!-- VerifyBrokenLinksAndImages -->
      </class> <!-- com.qa.FreeCRM.Utilities.TestUtil -->
    </test> <!-- Default test -->
  </suite> <!-- Default suite -->
</testng-results>
